<?xml version="1.0" encoding="UTF-8" ?>
<testsuite tests="14" failures="0" name="br.pb.marcos.runners.RunnerTest" time="0.193" errors="0" skipped="9">
  <properties>
[...]
</properties>
  <testcase classname="Aprender Cucumber" name="Deve executar especificacao" time="0.068"/>
  <testcase classname="Aprender Cucumber" name="Deve incrementar contador" time="0.014"/>
  <testcase classname="Aprender Cucumber" name="Deve incrementar contador" time="0.007"/>
  <testcase classname="Aprender Cucumber" name="Deve calcular atraso na entrega" time="0.01">
    <skipped/>
    <system-out>
  @tipo2
  Cenario: Deve calcular atraso na entrega      &amp;#27;[90m# src/test/resources/features/aprender_cucumber.feature:28&amp;#27;[0m
    &amp;#27;[33mDado &amp;#27;[0m&amp;#27;[33mque a entrega é dia 05/04/2018&amp;#27;[0m         &amp;#27;[90m# null&amp;#27;[0m
    &amp;#27;[33mQuando &amp;#27;[0m&amp;#27;[33ma entrega atrasar em 2 dias&amp;#27;[0m          &amp;#27;[90m# null&amp;#27;[0m
    &amp;#27;[36mEntao &amp;#27;[0m&amp;#27;[36ma entrega sera efetuada em &amp;#27;[0m&amp;#27;[36m&amp;#27;[1m07/04/2018&amp;#27;[0m &amp;#27;[90m# AprenderCucumberSteps.aEntregaSeraEfetuadaEm(String)&amp;#27;[0m
</system-out>
  </testcase>
  <testcase classname="Aprender Cucumber" name="Deve calcular atraso na entrega" time="0.01">
    <skipped/>
  </testcase>
  <testcase classname="Aprender Cucumber" name="Deve calcular atraso na entrega da china" time="0.004">
    <skipped/>
    <system-out>
  @tipo1 @tipo2
  Cenario: Deve calcular atraso na entrega da china &amp;#27;[90m# src/test/resources/features/aprender_cucumber.feature:34&amp;#27;[0m
    &amp;#27;[33mDado &amp;#27;[0m&amp;#27;[33mque a entrega é dia 05/04/2018&amp;#27;[0m             &amp;#27;[90m# null&amp;#27;[0m
    &amp;#27;[33mQuando &amp;#27;[0m&amp;#27;[33ma entrega atrasar em 2 meses&amp;#27;[0m             &amp;#27;[90m# null&amp;#27;[0m
    &amp;#27;[36mEntao &amp;#27;[0m&amp;#27;[36ma entrega sera efetuada em &amp;#27;[0m&amp;#27;[36m&amp;#27;[1m05/06/2018&amp;#27;[0m     &amp;#27;[90m# AprenderCucumberSteps.aEntregaSeraEfetuadaEm(String)&amp;#27;[0m
</system-out>
  </testcase>
  <testcase classname="Aprender Cucumber" name="Deve calcular atraso na entrega da china" time="0.004">
    <skipped/>
  </testcase>
  <testcase classname="Aprender Cucumber" name="Deve criar steps genéricos para estes passos" time="0.022"/>
  <testcase classname="Aprender Cucumber" name="Deve reaproveitar os steps &quot;Dado&quot; do cenário anterior" time="0.017"/>
  <testcase classname="Aprender Cucumber" name="Deve negar todos os steps &quot;Dado&quot; dos cenários anteriores" time="0.007">
    <skipped/>
    <system-out>
  @ignore
  Cenario: Deve negar todos os steps &quot;Dado&quot; dos cenários anteriores             &amp;#27;[90m# src/test/resources/features/aprender_cucumber.feature:57&amp;#27;[0m
    &amp;#27;[33mDado &amp;#27;[0m&amp;#27;[33mque o ticket é CD123&amp;#27;[0m                                                   &amp;#27;[90m# null&amp;#27;[0m
    &amp;#27;[33mDado &amp;#27;[0m&amp;#27;[33mque o ticket é AG1234&amp;#27;[0m                                                  &amp;#27;[90m# null&amp;#27;[0m
    &amp;#27;[36mDado &amp;#27;[0m&amp;#27;[36mque o valor da passagem é R$ &amp;#27;[0m&amp;#27;[36m&amp;#27;[1m1.1345,56&amp;#27;[0m                                 &amp;#27;[90m# AprenderCucumberSteps.queOValorDaPassagemÉR$(Double)&amp;#27;[0m
    &amp;#27;[33mDado &amp;#27;[0m&amp;#27;[33mque o nome do passageiro é &quot;Beltrano Souza Matos de Alcântara Azevedo&quot;&amp;#27;[0m &amp;#27;[90m# null&amp;#27;[0m
    &amp;#27;[33mDado &amp;#27;[0m&amp;#27;[33mque o telefone do passageiro é 1234-5678&amp;#27;[0m                               &amp;#27;[90m# null&amp;#27;[0m
    &amp;#27;[33mDado &amp;#27;[0m&amp;#27;[33mque o telefone do passageiro é 999-2223&amp;#27;[0m                                &amp;#27;[90m# null&amp;#27;[0m
</system-out>
  </testcase>
  <testcase classname="Aprender Cucumber" name="Deve negar todos os steps &quot;Dado&quot; dos cenários anteriores" time="0.007">
    <skipped/>
  </testcase>
  <testcase classname="Aprender Cucumber" name="Deve negar todos os steps &quot;Dado&quot; dos cenários anteriores" time="0.007">
    <skipped/>
  </testcase>
  <testcase classname="Aprender Cucumber" name="Deve negar todos os steps &quot;Dado&quot; dos cenários anteriores" time="0.008">
    <skipped/>
  </testcase>
  <testcase classname="Aprender Cucumber" name="Deve negar todos os steps &quot;Dado&quot; dos cenários anteriores" time="0.008">
    <skipped/>
  </testcase>
</testsuite>